c:\users\marcin\desktop\praca\praca\project1\project1\debug\project1.pch
c:\users\marcin\desktop\praca\praca\project1\project1\debug\vc141.pdb
c:\users\marcin\desktop\praca\praca\project1\project1\debug\vc141.idb
c:\users\marcin\desktop\praca\praca\project1\project1\debug\stdafx.obj
c:\users\marcin\desktop\praca\praca\project1\project1\debug\dllmain.obj
c:\users\marcin\desktop\praca\praca\project1\project1\debug\project1.obj
c:\users\marcin\desktop\praca\praca\project1\debug\project1.ilk
c:\users\marcin\desktop\praca\praca\project1\debug\project1.dll
c:\users\marcin\desktop\praca\praca\project1\debug\project1.pdb
c:\users\marcin\desktop\praca\praca\project1\debug\project1.lib
c:\users\marcin\desktop\praca\praca\project1\debug\project1.exp
c:\users\marcin\desktop\praca\praca\project1\project1\debug\project1.tlog\cl.command.1.tlog
c:\users\marcin\desktop\praca\praca\project1\project1\debug\project1.tlog\cl.read.1.tlog
c:\users\marcin\desktop\praca\praca\project1\project1\debug\project1.tlog\cl.write.1.tlog
c:\users\marcin\desktop\praca\praca\project1\project1\debug\project1.tlog\link.8008.delete.1.tlog
c:\users\marcin\desktop\praca\praca\project1\project1\debug\project1.tlog\link.8108.delete.1.tlog
c:\users\marcin\desktop\praca\praca\project1\project1\debug\project1.tlog\link.8212.delete.1.tlog
c:\users\marcin\desktop\praca\praca\project1\project1\debug\project1.tlog\link.8248.delete.1.tlog
c:\users\marcin\desktop\praca\praca\project1\project1\debug\project1.tlog\link.8804.delete.1.tlog
c:\users\marcin\desktop\praca\praca\project1\project1\debug\project1.tlog\link.command.1.tlog
c:\users\marcin\desktop\praca\praca\project1\project1\debug\project1.tlog\link.delete.1.tlog
c:\users\marcin\desktop\praca\praca\project1\project1\debug\project1.tlog\link.read.1.tlog
c:\users\marcin\desktop\praca\praca\project1\project1\debug\project1.tlog\link.write.1.tlog
c:\users\marcin\desktop\praca\praca\project1\project1\debug\project1.tlog\project1.write.1u.tlog
